<?xml version="1.0" encoding="UTF-8"?>
<testng-results ignored="0" total="6" passed="5" failed="1" skipped="0">
  <reporter-output>
  </reporter-output>
  <suite started-at="2023-12-01T10:01:36 ICT" name="All Test Suite" finished-at="2023-12-01T10:01:49 ICT" duration-ms="13137">
    <groups>
    </groups>
    <test started-at="2023-12-01T10:01:36 ICT" name="D:/AutomationGcReddy-master/src/test/java/test/AdminLoginTest.java" finished-at="2023-12-01T10:01:49 ICT" duration-ms="13137">
      <class name="test.AdminLoginTest">
        <test-method is-config="true" signature="beforeTest()[pri:0, instance:test.AdminLoginTest@245a060f]" started-at="2023-12-01T10:01:36 ICT" name="beforeTest" finished-at="2023-12-01T10:01:40 ICT" duration-ms="4251" status="PASS">
          <reporter-output>
          </reporter-output>
        </test-method> <!-- beforeTest -->
        <test-method signature="TC_02()[pri:0, instance:test.AdminLoginTest@245a060f]" started-at="2023-12-01T10:01:40 ICT" name="TC_02" description="Verify title admin login page!" finished-at="2023-12-01T10:01:42 ICT" duration-ms="1302" status="FAIL">
          <exception class="java.lang.AssertionError">
            <message>
              <![CDATA[expected [osCommerce Online Merchant Administration Tool] but found [osCommerce Online Merchant Administration Tool 2]]]>
            </message>
            <full-stacktrace>
              <![CDATA[java.lang.AssertionError: expected [osCommerce Online Merchant Administration Tool] but found [osCommerce Online Merchant Administration Tool 2]
at org.testng.Assert.fail(Assert.java:111)
at org.testng.Assert.failNotEquals(Assert.java:1578)
at org.testng.Assert.assertEqualsImpl(Assert.java:150)
at org.testng.Assert.assertEquals(Assert.java:132)
at org.testng.Assert.assertEquals(Assert.java:656)
at org.testng.Assert.assertEquals(Assert.java:666)
at page.AdminLogin.verifyTitle(AdminLogin.java:29)
at test.AdminLoginTest.TC_02(AdminLoginTest.java:22)
at java.base/jdk.internal.reflect.NativeMethodAccessorImpl.invoke0(Native Method)
at java.base/jdk.internal.reflect.NativeMethodAccessorImpl.invoke(NativeMethodAccessorImpl.java:77)
at java.base/jdk.internal.reflect.DelegatingMethodAccessorImpl.invoke(DelegatingMethodAccessorImpl.java:43)
at java.base/java.lang.reflect.Method.invoke(Method.java:568)
at org.testng.internal.invokers.MethodInvocationHelper.invokeMethod(MethodInvocationHelper.java:139)
at org.testng.internal.invokers.TestInvoker.invokeMethod(TestInvoker.java:664)
at org.testng.internal.invokers.TestInvoker.invokeTestMethod(TestInvoker.java:227)
at org.testng.internal.invokers.MethodRunner.runInSequence(MethodRunner.java:50)
at org.testng.internal.invokers.TestInvoker$MethodInvocationAgent.invoke(TestInvoker.java:957)
at org.testng.internal.invokers.TestInvoker.invokeTestMethods(TestInvoker.java:200)
at org.testng.internal.invokers.TestMethodWorker.invokeTestMethods(TestMethodWorker.java:148)
at org.testng.internal.invokers.TestMethodWorker.run(TestMethodWorker.java:128)
at java.base/java.util.ArrayList.forEach(ArrayList.java:1511)
at org.testng.TestRunner.privateRun(TestRunner.java:848)
at org.testng.TestRunner.run(TestRunner.java:621)
at org.testng.SuiteRunner.runTest(SuiteRunner.java:443)
at org.testng.SuiteRunner.runSequentially(SuiteRunner.java:437)
at org.testng.SuiteRunner.privateRun(SuiteRunner.java:397)
at org.testng.SuiteRunner.run(SuiteRunner.java:336)
at org.testng.SuiteRunnerWorker.runSuite(SuiteRunnerWorker.java:52)
at org.testng.SuiteRunnerWorker.run(SuiteRunnerWorker.java:95)
at org.testng.TestNG.runSuitesSequentially(TestNG.java:1280)
at org.testng.TestNG.runSuitesLocally(TestNG.java:1200)
at org.testng.TestNG.runSuites(TestNG.java:1114)
at org.testng.TestNG.run(TestNG.java:1082)
at org.apache.maven.surefire.testng.TestNGExecutor.run(TestNGExecutor.java:308)
at org.apache.maven.surefire.testng.TestNGXmlTestSuite.execute(TestNGXmlTestSuite.java:71)
at org.apache.maven.surefire.testng.TestNGProvider.invoke(TestNGProvider.java:113)
at org.apache.maven.surefire.booter.ForkedBooter.runSuitesInProcess(ForkedBooter.java:385)
at org.apache.maven.surefire.booter.ForkedBooter.execute(ForkedBooter.java:162)
at org.apache.maven.surefire.booter.ForkedBooter.run(ForkedBooter.java:507)
at org.apache.maven.surefire.booter.ForkedBooter.main(ForkedBooter.java:495)
]]>
            </full-stacktrace>
          </exception> <!-- java.lang.AssertionError -->
          <reporter-output>
          </reporter-output>
        </test-method> <!-- TC_02 -->
        <test-method signature="TC_03()[pri:0, instance:test.AdminLoginTest@245a060f]" started-at="2023-12-01T10:01:42 ICT" name="TC_03" finished-at="2023-12-01T10:01:44 ICT" duration-ms="1521" status="PASS">
          <reporter-output>
          </reporter-output>
        </test-method> <!-- TC_03 -->
        <test-method signature="TC_04()[pri:0, instance:test.AdminLoginTest@245a060f]" started-at="2023-12-01T10:01:44 ICT" name="TC_04" finished-at="2023-12-01T10:01:45 ICT" duration-ms="825" status="PASS">
          <reporter-output>
          </reporter-output>
        </test-method> <!-- TC_04 -->
        <test-method signature="TC_05(java.lang.String,java.lang.String)[pri:0, instance:test.AdminLoginTest@245a060f]" started-at="2023-12-01T10:01:46 ICT" name="TC_05" data-provider="test-data-for-tc05" finished-at="2023-12-01T10:01:48 ICT" duration-ms="1909" status="PASS">
          <params>
            <param index="0">
              <value>
                <![CDATA[gcreddy]]>
              </value>
            </param>
            <param index="1">
              <value>
                <![CDATA[Temp@2020]]>
              </value>
            </param>
          </params>
          <reporter-output>
          </reporter-output>
        </test-method> <!-- TC_05 -->
        <test-method signature="TC_06(java.lang.String,java.lang.String)[pri:0, instance:test.AdminLoginTest@245a060f]" started-at="2023-12-01T10:01:48 ICT" name="TC_06" data-provider="test-data-for-tc06" finished-at="2023-12-01T10:01:49 ICT" duration-ms="806" status="PASS">
          <params>
            <param index="0">
              <value>
                <![CDATA[abcdef]]>
              </value>
            </param>
            <param index="1">
              <value>
                <![CDATA[Temp@0000]]>
              </value>
            </param>
          </params>
          <reporter-output>
          </reporter-output>
        </test-method> <!-- TC_06 -->
        <test-method signature="TC_07()[pri:0, instance:test.AdminLoginTest@245a060f]" started-at="2023-12-01T10:01:49 ICT" name="TC_07" finished-at="2023-12-01T10:01:49 ICT" duration-ms="3" status="PASS">
          <reporter-output>
          </reporter-output>
        </test-method> <!-- TC_07 -->
      </class> <!-- test.AdminLoginTest -->
    </test> <!-- D:/AutomationGcReddy-master/src/test/java/test/AdminLoginTest.java -->
  </suite> <!-- All Test Suite -->
</testng-results>
